<?xml version="1.0" encoding="UTF-8"?>
<!-- Generated by org.testng.reporters.JUnitReportReporter -->
<testsuite hostname="Swapnil-PC" failures="0" tests="3" name="RestAPI.providingstr" time="3.937" errors="0" timestamp="2024-08-26T12:25:15 IST" skipped="0">
  <testcase classname="RestAPI.providingstr" name="strmethod" time="3.175"/>
  <system-out/>
  <testcase classname="RestAPI.providingstr" name="UpdateMethod" time="0.391"/>
  <system-out/>
  <testcase classname="RestAPI.providingstr" name="delete" time="0.371"/>
  <system-out/>
</testsuite> <!-- RestAPI.providingstr -->
