<?xml version="1.0" encoding="UTF-8"?>
<!-- Generated by org.testng.reporters.JUnitReportReporter -->
<testsuite hostname="Swapnil-PC" failures="0" tests="3" name="RestAPI.DataAnnotation" time="3.535" errors="0" timestamp="2024-08-26T13:11:46 IST" skipped="0">
  <testcase classname="RestAPI.DataAnnotation" name="strmethod" time="2.819"/>
  <system-out/>
  <testcase classname="RestAPI.DataAnnotation" name="strmethod" time="0.352"/>
  <system-out/>
  <testcase classname="RestAPI.DataAnnotation" name="strmethod" time="0.364"/>
  <system-out/>
</testsuite> <!-- RestAPI.DataAnnotation -->
