<?xml version="1.0" encoding="UTF-8"?>
<!-- Generated by org.testng.reporters.JUnitReportReporter -->
<testsuite hostname="Swapnil-PC" failures="0" tests="1" name="RestAPI.ITestListnerclass" time="3.466" errors="0" timestamp="2024-08-26T15:52:00 IST" skipped="0">
  <testcase classname="RestAPI.ITestListnerclass" name="UITest" time="3.466"/>
  <system-out/>
</testsuite> <!-- RestAPI.ITestListnerclass -->
