<?xml version="1.0" encoding="UTF-8"?>
<!-- Generated by org.testng.reporters.JUnitReportReporter -->
<testsuite hostname="Swapnil-PC" failures="0" tests="3" name="RestAPI.ListenerEx" time="4.549" errors="0" timestamp="2024-08-26T15:31:44 IST" skipped="0">
  <testcase classname="RestAPI.ListenerEx" name="strmethod" time="3.714"/>
  <system-out/>
  <testcase classname="RestAPI.ListenerEx" name="UpdateMethod" time="0.394"/>
  <system-out/>
  <testcase classname="RestAPI.ListenerEx" name="delete" time="0.441"/>
  <system-out/>
</testsuite> <!-- RestAPI.ListenerEx -->
