<?xml version="1.0" encoding="UTF-8"?>
<!-- Generated by org.testng.reporters.JUnitReportReporter -->
<testsuite hostname="Swapnil-PC" failures="0" tests="1" name="Package1.MyTest" time="10.672" errors="0" timestamp="2024-08-13T17:18:28 IST" skipped="0">
  <testcase classname="Package1.MyTest" name="testCase1" time="10.672"/>
  <system-out/>
</testsuite> <!-- Package1.MyTest -->
