<?xml version="1.0" encoding="UTF-8"?>
<!-- Generated by org.testng.reporters.JUnitReportReporter -->
<testsuite hostname="Swapnil-PC" failures="0" tests="1" name="RestAPI.ParameterAnnotation" time="3.005" errors="0" timestamp="2024-08-26T15:08:22 IST" skipped="0">
  <testcase classname="RestAPI.ParameterAnnotation" name="strmethod" time="3.005"/>
  <system-out/>
</testsuite> <!-- RestAPI.ParameterAnnotation -->
